C:\Program Files (x86)\Microsoft Visual Studio\2017\Professional\Common7\IDE\VC\VCTargets\Microsoft.CppBuild.targets(377,5): warning MSB8004: Output 目录未以斜杠结尾。  此生成实例将添加斜杠，因为必须有这个斜杠才能正确计算 Output 目录。
  avoid_auto_increment_checker.cc
  avoid_select_all_checker.cc
  checker.cc
  explain_query_plan_checker.cc
  explain_query_plan_tree.cc
  select_tree_helper.cc
  where_clause_table_column_finder.cc
  execute_select_continuous_checker.cc
  merge_transaction_checker.cc
  prepared_statement_better_checker.cc
  prepared_statement_must_checker.cc
  redundant_index_checker.cc
  replace_into_checker.cc
  without_rowid_better_checker.cc
  lint_util.cc
  logger.cc
  lint.cc
  lint_env.cc
  lint_info.cc
  lint_logic.cc
  正在生成代码...
  正在编译...
  lint_manager.cc
  sql_Info_processor.cc
  white_list_mgr.cc
  sqlite_lint.cc
  正在生成代码...
  build.c
  delete.c
  expr.c
  insert.c
  os.c
  os_win.c
  parse.c
  printf.c
  random.c
  select.c
  tokenize.c
  update.c
  util.c
  md5.c
  正在生成代码...
  SQLint.vcxproj -> E:\SQLint\out\lib\SQLint.lib
