e:\sqlint\debug\sqlint.pdb
e:\sqlint\debug\md5.obj
e:\sqlint\debug\where.obj
e:\sqlint\debug\util.obj
e:\sqlint\debug\update.obj
e:\sqlint\debug\tokenize.obj
e:\sqlint\debug\select.obj
e:\sqlint\debug\random.obj
e:\sqlint\debug\printf.obj
e:\sqlint\debug\parse.obj
e:\sqlint\debug\os_win.obj
e:\sqlint\debug\os_unix.obj
e:\sqlint\debug\os.obj
e:\sqlint\debug\insert.obj
e:\sqlint\debug\expr.obj
e:\sqlint\debug\delete.obj
e:\sqlint\debug\build.obj
e:\sqlint\debug\lint_logic.obj
e:\sqlint\debug\lint_info.obj
e:\sqlint\debug\lint_env.obj
e:\sqlint\debug\lint.obj
e:\sqlint\debug\logger.obj
e:\sqlint\debug\lint_util.obj
e:\sqlint\debug\without_rowid_better_checker.obj
e:\sqlint\debug\replace_into_checker.obj
e:\sqlint\debug\redundant_index_checker.obj
e:\sqlint\debug\prepared_statement_must_checker.obj
e:\sqlint\debug\prepared_statement_better_checker.obj
e:\sqlint\debug\merge_transaction_checker.obj
e:\sqlint\debug\execute_select_continuous_checker.obj
e:\sqlint\debug\where_clause_table_column_finder.obj
e:\sqlint\debug\select_tree_helper.obj
e:\sqlint\debug\explain_query_plan_tree.obj
e:\sqlint\debug\explain_query_plan_checker.obj
e:\sqlint\debug\checker.obj
e:\sqlint\debug\avoid_select_all_checker.obj
e:\sqlint\debug\avoid_auto_increment_checker.obj
e:\sqlint\debug\sqlite_lint.obj
e:\sqlint\debug\white_list_mgr.obj
e:\sqlint\debug\sql_info_processor.obj
e:\sqlint\debug\lint_manager.obj
e:\sqlint\debug\sqlint.lib
e:\sqlint\debug\sqlint.tlog\cl.command.1.tlog
e:\sqlint\debug\sqlint.tlog\cl.read.1.tlog
e:\sqlint\debug\sqlint.tlog\cl.write.1.tlog
e:\sqlint\debug\sqlint.tlog\lib-link.read.1.tlog
e:\sqlint\debug\sqlint.tlog\lib-link.write.1.tlog
e:\sqlint\debug\sqlint.tlog\lib.command.1.tlog
